\BOOKMARK [1][-]{Section.0.Introduction.1}{Introduction}{}% 1
\BOOKMARK [2][-]{Subsection.1.0.Normal-Normal.2}{Normal-Normal}{Section.0.Introduction.1}% 2
\BOOKMARK [2][-]{Subsection.1.1.Poisson-Gamma.2}{Poisson-Gamma}{Section.0.Introduction.1}% 3
\BOOKMARK [2][-]{Subsection.1.2.Binomial-Beta.2}{Binomial-Beta}{Section.0.Introduction.1}% 4
\BOOKMARK [2][-]{Subsection.1.3.Hyper-prior distributions.2}{Hyper-prior distributions}{Section.0.Introduction.1}% 5
\BOOKMARK [1][-]{Section.1.Inference.1}{Inference}{}% 6
\BOOKMARK [1][-]{Section.2.Estimation.1}{Estimation}{}% 7
\BOOKMARK [2][-]{Subsection.3.0.shrinkage.2}{shrinkage}{Section.2.Estimation.1}% 8
\BOOKMARK [3][-]{Subsubsection.3.1.0.Unconditional posterior moments of shrinkage factors.3}{Unconditional posterior moments of shrinkage factors}{Subsection.3.0.shrinkage.2}% 9
\BOOKMARK [3][-]{Subsubsection.3.1.1.Unconditional posterior moments of expected random effects.3}{Unconditional posterior moments of expected random effects}{Subsection.3.0.shrinkage.2}% 10
\BOOKMARK [2][-]{Subsection.3.1.Estimation for random effects.2}{Estimation for random effects}{Section.2.Estimation.1}% 11
\BOOKMARK [1][-]{Section.3.Estimation.1}{Estimation}{}% 12
\BOOKMARK [1][-]{Section.4.Frequency method checking.1}{Frequency method checking}{}% 13
\BOOKMARK [2][-]{Subsection.5.0.Pseudo-data generation.2}{Pseudo-data generation}{Section.4.Frequency method checking.1}% 14
\BOOKMARK [2][-]{Subsection.5.1.Coverage probability estimation.2}{Coverage probability estimation}{Section.4.Frequency method checking.1}% 15
\BOOKMARK [3][-]{Subsubsection.5.2.0.Simple unbiased coverage estimator..3}{Simple unbiased coverage estimator.}{Subsection.5.1.Coverage probability estimation.2}% 16
\BOOKMARK [3][-]{Subsubsection.5.2.1.Rao-Blackwellized unbiased coverage estimator..3}{Rao-Blackwellized unbiased coverage estimator.}{Subsection.5.1.Coverage probability estimation.2}% 17
\BOOKMARK [3][-]{Subsubsection.5.2.2.Rao-Blackwellized overall unbiased coverage estimator.3}{Rao-Blackwellized overall unbiased coverage estimator}{Subsection.5.1.Coverage probability estimation.2}% 18
\BOOKMARK [1][-]{Section.5.packageoverview.1}{packageoverview}{}% 19
\BOOKMARK [2][-]{Subsection.6.0.Model fitting.2}{Model fitting}{Section.5.packageoverview.1}% 20
\BOOKMARK [2][-]{Subsection.6.1.Frequency method checking.2}{Frequency method checking}{Section.5.packageoverview.1}% 21
\BOOKMARK [1][-]{Section.6.Examples.1}{Examples}{}% 22
\BOOKMARK [2][-]{Subsection.7.0.Known Second-level Mean.2}{Known Second-level Mean}{Section.6.Examples.1}% 23
\BOOKMARK [2][-]{Subsection.7.1.Unknown Second-level Mean and No Covariate.2}{Unknown Second-level Mean and No Covariate}{Section.6.Examples.1}% 24
\BOOKMARK [2][-]{Subsection.7.2.Unknown Second-level Mean and One Covariate.2}{Unknown Second-level Mean and One Covariate}{Section.6.Examples.1}% 25
\BOOKMARK [1][-]{Section.7.Discussion.1}{Discussion}{}% 26
\BOOKMARK [1][-]{Section..Posterior propriety of the Poisson model.1}{Posterior propriety of the Poisson model}{}% 27
