\BOOKMARK [1][-]{Section.0.Introduction.1}{Introduction}{}% 1
\BOOKMARK [1][-]{Section.1.Hierarchical Structure.1}{Hierarchical Structure}{}% 2
\BOOKMARK [2][-]{Subsection.2.0.Normal-Normal.2}{Normal-Normal}{Section.1.Hierarchical Structure.1}% 3
\BOOKMARK [2][-]{Subsection.2.1.Poisson-Gamma.2}{Poisson-Gamma}{Section.1.Hierarchical Structure.1}% 4
\BOOKMARK [2][-]{Subsection.2.2.Binomial-Beta.2}{Binomial-Beta}{Section.1.Hierarchical Structure.1}% 5
\BOOKMARK [2][-]{Subsection.2.3.Hyper-prior distribution.2}{Hyper-prior distribution}{Section.1.Hierarchical Structure.1}% 6
\BOOKMARK [1][-]{Section.2.Estimation.1}{Estimation}{}% 7
\BOOKMARK [2][-]{Subsection.3.0.Shrinkage estimation.2}{Shrinkage estimation}{Section.2.Estimation.1}% 8
\BOOKMARK [2][-]{Subsection.3.1.ADM.2}{ADM}{Section.2.Estimation.1}% 9
\BOOKMARK [2][-]{Subsection.3.2.Posterior moment estimation.2}{Posterior moment estimation}{Section.2.Estimation.1}% 10
\BOOKMARK [2][-]{Subsection.3.3.Approximation to posterior distribution by moment matching.2}{Approximation to posterior distribution by moment matching}{Section.2.Estimation.1}% 11
\BOOKMARK [1][-]{Section.3.Frequency method checking.1}{Frequency method checking}{}% 12
\BOOKMARK [2][-]{Subsection.4.0.Pseudo-data generation process.2}{Pseudo-data generation process}{Section.3.Frequency method checking.1}% 13
\BOOKMARK [2][-]{Subsection.4.1.Coverage estimation process.2}{Coverage estimation process}{Section.3.Frequency method checking.1}% 14
\BOOKMARK [3][-]{Subsubsection.4.2.0.Simple unbiased coverage estimates.3}{Simple unbiased coverage estimates}{Subsection.4.1.Coverage estimation process.2}% 15
\BOOKMARK [3][-]{Subsubsection.4.2.1.Rao-Blackwellized unbiased coverage estimates.3}{Rao-Blackwellized unbiased coverage estimates}{Subsection.4.1.Coverage estimation process.2}% 16
\BOOKMARK [1][-]{Section.4.packageoverview.1}{packageoverview}{}% 17
\BOOKMARK [1][-]{Section.5.Examples.1}{Examples}{}% 18
\BOOKMARK [2][-]{Subsection.6.0.Known Second-level Mean.2}{Known Second-level Mean}{Section.5.Examples.1}% 19
\BOOKMARK [2][-]{Subsection.6.1.Unknown Second-level Mean and No Covariate.2}{Unknown Second-level Mean and No Covariate}{Section.5.Examples.1}% 20
\BOOKMARK [2][-]{Subsection.6.2.Unknown Second-level Mean and One Covariate.2}{Unknown Second-level Mean and One Covariate}{Section.5.Examples.1}% 21
\BOOKMARK [1][-]{Section.6.Discussion.1}{Discussion}{}% 22
\BOOKMARK [1][-]{Section.7.acknowledgments.1}{acknowledgments}{}% 23
