\BOOKMARK [1][-]{Section.0.Introduction.1}{Introduction}{}% 1
\BOOKMARK [1][-]{Section.1.Hierarchical Structure.1}{Hierarchical Structure}{}% 2
\BOOKMARK [2][-]{Subsection.2.0.Normal-Normal.2}{Normal-Normal}{Section.1.Hierarchical Structure.1}% 3
\BOOKMARK [2][-]{Subsection.2.1.Poisson-Gamma.2}{Poisson-Gamma}{Section.1.Hierarchical Structure.1}% 4
\BOOKMARK [2][-]{Subsection.2.2.Binomial-Beta.2}{Binomial-Beta}{Section.1.Hierarchical Structure.1}% 5
\BOOKMARK [2][-]{Subsection.2.3.Hyper-prior distributions.2}{Hyper-prior distributions}{Section.1.Hierarchical Structure.1}% 6
\BOOKMARK [1][-]{Section.2.Inference.1}{Inference}{}% 7
\BOOKMARK [1][-]{Section.3.Estimation.1}{Estimation}{}% 8
\BOOKMARK [2][-]{Subsection.4.0.shrinkage.2}{shrinkage}{Section.3.Estimation.1}% 9
\BOOKMARK [3][-]{Subsubsection.4.1.0.Unconditional posterior moments of shrinkage factors.3}{Unconditional posterior moments of shrinkage factors}{Subsection.4.0.shrinkage.2}% 10
\BOOKMARK [3][-]{Subsubsection.4.1.1.Unconditional posterior moments of expected random effects.3}{Unconditional posterior moments of expected random effects}{Subsection.4.0.shrinkage.2}% 11
\BOOKMARK [2][-]{Subsection.4.1.Estimation for random effects.2}{Estimation for random effects}{Section.3.Estimation.1}% 12
\BOOKMARK [1][-]{Section.4.Estimation.1}{Estimation}{}% 13
\BOOKMARK [1][-]{Section.5.Frequency method checking.1}{Frequency method checking}{}% 14
\BOOKMARK [2][-]{Subsection.6.0.Pseudo-data generation.2}{Pseudo-data generation}{Section.5.Frequency method checking.1}% 15
\BOOKMARK [2][-]{Subsection.6.1.Coverage probability estimation.2}{Coverage probability estimation}{Section.5.Frequency method checking.1}% 16
\BOOKMARK [3][-]{Subsubsection.6.2.0.Simple unbiased coverage estimator..3}{Simple unbiased coverage estimator.}{Subsection.6.1.Coverage probability estimation.2}% 17
\BOOKMARK [3][-]{Subsubsection.6.2.1.Rao-Blackwellized unbiased coverage estimator..3}{Rao-Blackwellized unbiased coverage estimator.}{Subsection.6.1.Coverage probability estimation.2}% 18
\BOOKMARK [3][-]{Subsubsection.6.2.2.Rao-Blackwellized overall unbiased coverage estimator.3}{Rao-Blackwellized overall unbiased coverage estimator}{Subsection.6.1.Coverage probability estimation.2}% 19
\BOOKMARK [1][-]{Section.6.packageoverview.1}{packageoverview}{}% 20
\BOOKMARK [2][-]{Subsection.7.0.Model fitting.2}{Model fitting}{Section.6.packageoverview.1}% 21
\BOOKMARK [2][-]{Subsection.7.1.Frequency method checking.2}{Frequency method checking}{Section.6.packageoverview.1}% 22
\BOOKMARK [1][-]{Section.7.Examples.1}{Examples}{}% 23
\BOOKMARK [2][-]{Subsection.8.0.Known Second-level Mean.2}{Known Second-level Mean}{Section.7.Examples.1}% 24
\BOOKMARK [2][-]{Subsection.8.1.Unknown Second-level Mean and No Covariate.2}{Unknown Second-level Mean and No Covariate}{Section.7.Examples.1}% 25
\BOOKMARK [2][-]{Subsection.8.2.Unknown Second-level Mean and One Covariate.2}{Unknown Second-level Mean and One Covariate}{Section.7.Examples.1}% 26
\BOOKMARK [1][-]{Section.8.Discussion.1}{Discussion}{}% 27
\BOOKMARK [1][-]{Section..Posterior propriety of the Poisson model.1}{Posterior propriety of the Poisson model}{}% 28
\BOOKMARK [1][-]{Section.A.Unconditional posterior variance of the Binomial model.1}{Unconditional posterior variance of the Binomial model}{}% 29
